2025-03-17 01:48:26 INFO log.py:21: Yasb v1.6.5
2025-03-17 01:48:26 INFO config.py:58: Created default config file at C:\Users\Tenshi\.config\yasb\config.yaml
2025-03-17 01:48:26 INFO config.py:72: Created default stylesheet at C:\Users\Tenshi\.config\yasb\styles.css
2025-03-17 01:48:27 DEBUG win32.py:55: Looking up time zone info from registry
2025-03-17 01:48:29 INFO weather.py:367: Fetched new weather data at 2025-03-17 01:48:29.695597
2025-03-17 01:48:29 DEBUG __init__.py:149: CoInitializeEx(None, 2)
2025-03-17 01:48:30 INFO app_bar.py:103: Bar Created on Screen: 2270W [Bar Height: 36px, DPI Scale: 1.0, Scale Screen: True, Screen Geometry: X: 0, Y: 0, Screen Width: 1920, Screen Height: 1080]
2025-03-17 01:48:31 INFO event_listener.py:52: Created named pipe yasb-136df967-02eb-11f0-b25c-e89c255eead4
2025-03-17 01:48:31 INFO event_listener.py:106: Waiting for Komorebi to subscribe to named pipe yasb-136df967-02eb-11f0-b25c-e89c255eead4
2025-03-17 01:48:31 INFO watcher.py:39: Created file watcher for path C:\Users\Tenshi\.config\yasb
2025-03-17 01:48:31 DEBUG _windows.py:213: Starting (proactor: <_IocpProactor overlapped#=0 result#=0>)...
2025-03-17 01:48:31 DEBUG _windows.py:192: Thread started
2025-03-17 01:48:31 INFO event_listener.py:118: Komorebi connected to named pipe: yasb-136df967-02eb-11f0-b25c-e89c255eead4
2025-03-17 01:50:41 WARNING event_listener.py:83: Pipe has been ended: (109, 'PeekNamedPipe', 'O pipe foi finalizado.')
2025-03-17 01:50:41 INFO event_listener.py:93: Attempting to reconnect...
2025-03-17 01:50:46 INFO event_listener.py:52: Created named pipe yasb-136df967-02eb-11f0-b25c-e89c255eead4
2025-03-17 01:50:46 INFO event_listener.py:106: Waiting for Komorebi to subscribe to named pipe yasb-136df967-02eb-11f0-b25c-e89c255eead4
2025-03-17 01:50:46 INFO event_listener.py:118: Komorebi connected to named pipe: yasb-136df967-02eb-11f0-b25c-e89c255eead4
2025-03-17 01:56:44 WARNING event_listener.py:83: Pipe has been ended: (109, 'PeekNamedPipe', 'O pipe foi finalizado.')
2025-03-17 01:56:44 INFO event_listener.py:93: Attempting to reconnect...
2025-03-17 01:56:49 INFO event_listener.py:52: Created named pipe yasb-136df967-02eb-11f0-b25c-e89c255eead4
2025-03-17 01:56:49 INFO event_listener.py:106: Waiting for Komorebi to subscribe to named pipe yasb-136df967-02eb-11f0-b25c-e89c255eead4
2025-03-17 01:56:49 INFO event_listener.py:118: Komorebi connected to named pipe: yasb-136df967-02eb-11f0-b25c-e89c255eead4
2025-03-17 01:57:05 WARNING event_listener.py:83: Pipe has been ended: (109, 'PeekNamedPipe', 'O pipe foi finalizado.')
2025-03-17 01:57:05 INFO event_listener.py:93: Attempting to reconnect...
2025-03-17 01:57:10 INFO event_listener.py:52: Created named pipe yasb-136df967-02eb-11f0-b25c-e89c255eead4
2025-03-17 01:57:10 INFO event_listener.py:106: Waiting for Komorebi to subscribe to named pipe yasb-136df967-02eb-11f0-b25c-e89c255eead4
2025-03-17 01:57:11 INFO event_listener.py:118: Komorebi connected to named pipe: yasb-136df967-02eb-11f0-b25c-e89c255eead4
2025-03-17 01:58:29 INFO weather.py:367: Fetched new weather data at 2025-03-17 01:58:29.711803
2025-03-17 02:01:29 WARNING event_listener.py:83: Pipe has been ended: (109, 'PeekNamedPipe', 'O pipe foi finalizado.')
2025-03-17 02:01:29 INFO event_listener.py:93: Attempting to reconnect...
2025-03-17 02:01:34 INFO event_listener.py:52: Created named pipe yasb-136df967-02eb-11f0-b25c-e89c255eead4
2025-03-17 02:01:34 INFO event_listener.py:106: Waiting for Komorebi to subscribe to named pipe yasb-136df967-02eb-11f0-b25c-e89c255eead4
2025-03-17 02:01:35 WARNING event_listener.py:111: Komorebi failed to subscribe named pipe. Waiting for subscription...
2025-03-17 02:08:29 INFO weather.py:367: Fetched new weather data at 2025-03-17 02:08:29.725414
2025-03-17 02:15:27 INFO log.py:21: Yasb v1.6.5
2025-03-17 02:15:28 INFO weather.py:367: Fetched new weather data at 2025-03-17 02:15:28.378990
2025-03-17 02:15:28 DEBUG __init__.py:149: CoInitializeEx(None, 2)
2025-03-17 02:15:28 DEBUG win32.py:55: Looking up time zone info from registry
2025-03-17 02:15:28 INFO app_bar.py:103: Bar Created on Screen: 2270W [Bar Height: 32px, DPI Scale: 1.0, Scale Screen: True, Screen Geometry: X: 0, Y: 0, Screen Width: 1920, Screen Height: 1080]
2025-03-17 02:15:29 INFO event_listener.py:52: Created named pipe yasb-d7a8a32e-02ee-11f0-91e9-e89c255eead4
2025-03-17 02:15:29 INFO event_listener.py:106: Waiting for Komorebi to subscribe to named pipe yasb-d7a8a32e-02ee-11f0-91e9-e89c255eead4
2025-03-17 02:15:29 INFO watcher.py:39: Created file watcher for path C:\Users\Tenshi\.config\yasb
2025-03-17 02:15:29 DEBUG _windows.py:213: Starting (proactor: <_IocpProactor overlapped#=0 result#=0>)...
2025-03-17 02:15:29 DEBUG _windows.py:192: Thread started
2025-03-17 02:15:29 WARNING event_listener.py:111: Komorebi failed to subscribe named pipe. Waiting for subscription...
2025-03-17 02:19:02 INFO log.py:21: Yasb v1.6.5
2025-03-17 02:19:02 INFO weather.py:367: Fetched new weather data at 2025-03-17 02:19:02.893817
2025-03-17 02:19:02 DEBUG __init__.py:149: CoInitializeEx(None, 2)
2025-03-17 02:19:02 DEBUG win32.py:55: Looking up time zone info from registry
2025-03-17 02:19:03 INFO app_bar.py:103: Bar Created on Screen: 2270W [Bar Height: 32px, DPI Scale: 1.0, Scale Screen: True, Screen Geometry: X: 0, Y: 0, Screen Width: 1920, Screen Height: 1080]
2025-03-17 02:19:03 INFO event_listener.py:52: Created named pipe yasb-57784702-02ef-11f0-837e-e89c255eead4
2025-03-17 02:19:03 INFO event_listener.py:106: Waiting for Komorebi to subscribe to named pipe yasb-57784702-02ef-11f0-837e-e89c255eead4
2025-03-17 02:19:03 INFO watcher.py:39: Created file watcher for path C:\Users\Tenshi\.config\yasb
2025-03-17 02:19:03 DEBUG _windows.py:213: Starting (proactor: <_IocpProactor overlapped#=0 result#=0>)...
2025-03-17 02:19:03 DEBUG _windows.py:192: Thread started
2025-03-17 02:19:03 WARNING event_listener.py:111: Komorebi failed to subscribe named pipe. Waiting for subscription...
2025-03-17 02:19:31 INFO log.py:21: Yasb v1.6.5
2025-03-17 02:19:32 INFO weather.py:367: Fetched new weather data at 2025-03-17 02:19:32.366912
2025-03-17 02:19:32 DEBUG __init__.py:149: CoInitializeEx(None, 2)
2025-03-17 02:19:32 DEBUG win32.py:55: Looking up time zone info from registry
2025-03-17 02:19:32 INFO app_bar.py:103: Bar Created on Screen: 2270W [Bar Height: 32px, DPI Scale: 1.0, Scale Screen: True, Screen Geometry: X: 0, Y: 0, Screen Width: 1920, Screen Height: 1080]
2025-03-17 02:19:33 INFO event_listener.py:52: Created named pipe yasb-690937dc-02ef-11f0-aa39-e89c255eead4
2025-03-17 02:19:33 INFO event_listener.py:106: Waiting for Komorebi to subscribe to named pipe yasb-690937dc-02ef-11f0-aa39-e89c255eead4
2025-03-17 02:19:33 INFO watcher.py:39: Created file watcher for path C:\Users\Tenshi\.config\yasb
2025-03-17 02:19:33 DEBUG _windows.py:213: Starting (proactor: <_IocpProactor overlapped#=0 result#=0>)...
2025-03-17 02:19:33 DEBUG _windows.py:192: Thread started
2025-03-17 02:19:33 WARNING event_listener.py:111: Komorebi failed to subscribe named pipe. Waiting for subscription...
2025-03-17 02:19:39 INFO log.py:21: Yasb v1.6.5
2025-03-17 02:19:39 INFO weather.py:367: Fetched new weather data at 2025-03-17 02:19:39.808929
2025-03-17 02:19:39 DEBUG __init__.py:149: CoInitializeEx(None, 2)
2025-03-17 02:19:39 DEBUG win32.py:55: Looking up time zone info from registry
2025-03-17 02:19:39 INFO app_bar.py:103: Bar Created on Screen: 2270W [Bar Height: 32px, DPI Scale: 1.0, Scale Screen: True, Screen Geometry: X: 0, Y: 0, Screen Width: 1920, Screen Height: 1080]
2025-03-17 02:19:40 INFO event_listener.py:52: Created named pipe yasb-6d793aba-02ef-11f0-b5d6-e89c255eead4
2025-03-17 02:19:40 INFO event_listener.py:106: Waiting for Komorebi to subscribe to named pipe yasb-6d793aba-02ef-11f0-b5d6-e89c255eead4
2025-03-17 02:19:40 INFO watcher.py:39: Created file watcher for path C:\Users\Tenshi\.config\yasb
2025-03-17 02:19:40 DEBUG _windows.py:213: Starting (proactor: <_IocpProactor overlapped#=0 result#=0>)...
2025-03-17 02:19:40 DEBUG _windows.py:192: Thread started
2025-03-17 02:19:40 WARNING event_listener.py:111: Komorebi failed to subscribe named pipe. Waiting for subscription...
2025-03-17 02:19:50 INFO log.py:21: Yasb v1.6.5
2025-03-17 02:19:50 INFO weather.py:367: Fetched new weather data at 2025-03-17 02:19:50.909404
2025-03-17 02:19:50 DEBUG __init__.py:149: CoInitializeEx(None, 2)
2025-03-17 02:19:50 DEBUG win32.py:55: Looking up time zone info from registry
2025-03-17 02:19:51 INFO app_bar.py:103: Bar Created on Screen: 2270W [Bar Height: 32px, DPI Scale: 1.0, Scale Screen: True, Screen Geometry: X: 0, Y: 0, Screen Width: 1920, Screen Height: 1080]
2025-03-17 02:19:51 INFO event_listener.py:52: Created named pipe yasb-7415f554-02ef-11f0-887c-e89c255eead4
2025-03-17 02:19:51 INFO event_listener.py:106: Waiting for Komorebi to subscribe to named pipe yasb-7415f554-02ef-11f0-887c-e89c255eead4
2025-03-17 02:19:51 INFO watcher.py:39: Created file watcher for path C:\Users\Tenshi\.config\yasb
2025-03-17 02:19:51 DEBUG _windows.py:213: Starting (proactor: <_IocpProactor overlapped#=0 result#=0>)...
2025-03-17 02:19:51 DEBUG _windows.py:192: Thread started
2025-03-17 02:19:51 WARNING event_listener.py:111: Komorebi failed to subscribe named pipe. Waiting for subscription...
2025-03-17 02:21:18 INFO log.py:21: Yasb v1.6.5
2025-03-17 02:21:19 INFO weather.py:367: Fetched new weather data at 2025-03-17 02:21:19.384751
2025-03-17 02:21:19 DEBUG __init__.py:149: CoInitializeEx(None, 2)
2025-03-17 02:21:19 DEBUG win32.py:55: Looking up time zone info from registry
2025-03-17 02:21:19 INFO app_bar.py:103: Bar Created on Screen: 2270W [Bar Height: 32px, DPI Scale: 1.0, Scale Screen: True, Screen Geometry: X: 0, Y: 0, Screen Width: 1920, Screen Height: 1080]
2025-03-17 02:21:20 INFO event_listener.py:52: Created named pipe yasb-a8d661e7-02ef-11f0-b783-e89c255eead4
2025-03-17 02:21:20 INFO event_listener.py:106: Waiting for Komorebi to subscribe to named pipe yasb-a8d661e7-02ef-11f0-b783-e89c255eead4
2025-03-17 02:21:20 INFO watcher.py:39: Created file watcher for path C:\Users\Tenshi\.config\yasb
2025-03-17 02:21:20 DEBUG _windows.py:213: Starting (proactor: <_IocpProactor overlapped#=0 result#=0>)...
2025-03-17 02:21:20 DEBUG _windows.py:192: Thread started
2025-03-17 02:21:20 WARNING event_listener.py:111: Komorebi failed to subscribe named pipe. Waiting for subscription...
2025-03-17 02:22:43 INFO tray.py:193: Created shortcut at C:\Users\Tenshi\AppData\Roaming\Microsoft\Windows\Start Menu\Programs\Startup\yasb.lnk
2025-03-17 02:28:22 INFO event_listener.py:118: Komorebi connected to named pipe: yasb-a8d661e7-02ef-11f0-b783-e89c255eead4
2025-03-17 02:31:19 INFO weather.py:367: Fetched new weather data at 2025-03-17 02:31:19.404612
2025-03-17 02:41:19 INFO weather.py:367: Fetched new weather data at 2025-03-17 02:41:19.407874
2025-03-17 02:51:19 INFO weather.py:367: Fetched new weather data at 2025-03-17 02:51:19.424470
2025-03-17 03:01:19 INFO weather.py:367: Fetched new weather data at 2025-03-17 03:01:19.417612
2025-03-17 03:11:59 INFO log.py:21: Yasb v1.6.5
2025-03-17 03:12:00 INFO weather.py:367: Fetched new weather data at 2025-03-17 03:12:00.881840
2025-03-17 03:12:00 DEBUG __init__.py:149: CoInitializeEx(None, 2)
2025-03-17 03:12:01 DEBUG win32.py:55: Looking up time zone info from registry
2025-03-17 03:12:03 INFO app_bar.py:103: Bar Created on Screen: 2270W [Bar Height: 32px, DPI Scale: 1.0, Scale Screen: True, Screen Geometry: X: 0, Y: 0, Screen Width: 1920, Screen Height: 1080]
2025-03-17 03:12:03 INFO event_listener.py:52: Created named pipe yasb-bf0e87ed-02f6-11f0-9949-e89c255eead4
2025-03-17 03:12:03 INFO event_listener.py:106: Waiting for Komorebi to subscribe to named pipe yasb-bf0e87ed-02f6-11f0-9949-e89c255eead4
2025-03-17 03:12:04 INFO watcher.py:39: Created file watcher for path C:\Users\Tenshi\.config\yasb
2025-03-17 03:12:04 DEBUG _windows.py:213: Starting (proactor: <_IocpProactor overlapped#=0 result#=0>)...
2025-03-17 03:12:04 DEBUG _windows.py:192: Thread started
2025-03-17 03:12:04 INFO event_listener.py:118: Komorebi connected to named pipe: yasb-bf0e87ed-02f6-11f0-9949-e89c255eead4
2025-03-17 03:22:00 INFO weather.py:367: Fetched new weather data at 2025-03-17 03:22:00.882498
2025-03-17 03:22:33 WARNING event_listener.py:83: Pipe has been ended: (109, 'PeekNamedPipe', 'O pipe foi finalizado.')
2025-03-17 03:22:33 INFO event_listener.py:93: Attempting to reconnect...
2025-03-17 03:22:38 INFO event_listener.py:52: Created named pipe yasb-bf0e87ed-02f6-11f0-9949-e89c255eead4
2025-03-17 03:22:38 INFO event_listener.py:106: Waiting for Komorebi to subscribe to named pipe yasb-bf0e87ed-02f6-11f0-9949-e89c255eead4
2025-03-17 03:22:38 INFO event_listener.py:118: Komorebi connected to named pipe: yasb-bf0e87ed-02f6-11f0-9949-e89c255eead4
2025-03-17 03:27:38 INFO log.py:21: Yasb v1.6.5
2025-03-17 03:27:39 INFO weather.py:367: Fetched new weather data at 2025-03-17 03:27:39.859065
2025-03-17 03:27:39 DEBUG __init__.py:149: CoInitializeEx(None, 2)
2025-03-17 03:27:40 DEBUG win32.py:55: Looking up time zone info from registry
2025-03-17 03:27:41 INFO app_bar.py:103: Bar Created on Screen: 2270W [Bar Height: 32px, DPI Scale: 1.0, Scale Screen: True, Screen Geometry: X: 0, Y: 0, Screen Width: 1920, Screen Height: 1080]
2025-03-17 03:27:42 INFO event_listener.py:52: Created named pipe yasb-ee4aac09-02f8-11f0-aa99-e89c255eead4
2025-03-17 03:27:42 INFO event_listener.py:106: Waiting for Komorebi to subscribe to named pipe yasb-ee4aac09-02f8-11f0-aa99-e89c255eead4
2025-03-17 03:27:42 INFO watcher.py:39: Created file watcher for path C:\Users\Tenshi\.config\yasb
2025-03-17 03:27:42 DEBUG _windows.py:213: Starting (proactor: <_IocpProactor overlapped#=0 result#=0>)...
2025-03-17 03:27:42 DEBUG _windows.py:192: Thread started
2025-03-17 03:27:42 INFO event_listener.py:118: Komorebi connected to named pipe: yasb-ee4aac09-02f8-11f0-aa99-e89c255eead4
2025-03-17 03:28:11 INFO log.py:21: Yasb v1.6.5
2025-03-17 03:28:12 INFO weather.py:367: Fetched new weather data at 2025-03-17 03:28:12.325760
2025-03-17 03:28:12 DEBUG __init__.py:149: CoInitializeEx(None, 2)
2025-03-17 03:28:12 DEBUG win32.py:55: Looking up time zone info from registry
2025-03-17 03:28:12 INFO app_bar.py:103: Bar Created on Screen: 2270W [Bar Height: 32px, DPI Scale: 1.0, Scale Screen: True, Screen Geometry: X: 0, Y: 0, Screen Width: 1920, Screen Height: 1080]
2025-03-17 03:28:13 INFO event_listener.py:52: Created named pipe yasb-00b8bb8e-02f9-11f0-8aab-e89c255eead4
2025-03-17 03:28:13 INFO event_listener.py:106: Waiting for Komorebi to subscribe to named pipe yasb-00b8bb8e-02f9-11f0-8aab-e89c255eead4
2025-03-17 03:28:13 INFO watcher.py:39: Created file watcher for path C:\Users\Tenshi\.config\yasb
2025-03-17 03:28:13 DEBUG _windows.py:213: Starting (proactor: <_IocpProactor overlapped#=0 result#=0>)...
2025-03-17 03:28:13 DEBUG _windows.py:192: Thread started
2025-03-17 03:28:13 INFO event_listener.py:118: Komorebi connected to named pipe: yasb-00b8bb8e-02f9-11f0-8aab-e89c255eead4
2025-03-17 03:29:10 INFO log.py:21: Yasb v1.6.5
2025-03-17 03:29:10 INFO weather.py:367: Fetched new weather data at 2025-03-17 03:29:10.493180
2025-03-17 03:29:10 DEBUG __init__.py:149: CoInitializeEx(None, 2)
2025-03-17 03:29:10 DEBUG win32.py:55: Looking up time zone info from registry
2025-03-17 03:29:10 INFO app_bar.py:103: Bar Created on Screen: 2270W [Bar Height: 32px, DPI Scale: 1.0, Scale Screen: True, Screen Geometry: X: 0, Y: 0, Screen Width: 1920, Screen Height: 1080]
2025-03-17 03:29:11 INFO event_listener.py:52: Created named pipe yasb-2363762e-02f9-11f0-a172-e89c255eead4
2025-03-17 03:29:11 INFO event_listener.py:106: Waiting for Komorebi to subscribe to named pipe yasb-2363762e-02f9-11f0-a172-e89c255eead4
2025-03-17 03:29:11 INFO watcher.py:39: Created file watcher for path C:\Users\Tenshi\.config\yasb
2025-03-17 03:29:11 DEBUG _windows.py:213: Starting (proactor: <_IocpProactor overlapped#=0 result#=0>)...
2025-03-17 03:29:11 DEBUG _windows.py:192: Thread started
2025-03-17 03:29:11 INFO event_listener.py:118: Komorebi connected to named pipe: yasb-2363762e-02f9-11f0-a172-e89c255eead4
2025-03-17 03:30:09 INFO log.py:21: Yasb v1.6.5
2025-03-17 03:30:10 INFO weather.py:367: Fetched new weather data at 2025-03-17 03:30:10.206447
2025-03-17 03:30:10 DEBUG __init__.py:149: CoInitializeEx(None, 2)
2025-03-17 03:30:10 DEBUG win32.py:55: Looking up time zone info from registry
2025-03-17 03:30:10 INFO app_bar.py:103: Bar Created on Screen: 2270W [Bar Height: 32px, DPI Scale: 1.0, Scale Screen: True, Screen Geometry: X: 0, Y: 0, Screen Width: 1920, Screen Height: 1080]
2025-03-17 03:30:10 INFO event_listener.py:52: Created named pipe yasb-46fdbb68-02f9-11f0-9db5-e89c255eead4
2025-03-17 03:30:10 INFO event_listener.py:106: Waiting for Komorebi to subscribe to named pipe yasb-46fdbb68-02f9-11f0-9db5-e89c255eead4
2025-03-17 03:30:11 INFO watcher.py:39: Created file watcher for path C:\Users\Tenshi\.config\yasb
2025-03-17 03:30:11 DEBUG _windows.py:213: Starting (proactor: <_IocpProactor overlapped#=0 result#=0>)...
2025-03-17 03:30:11 DEBUG _windows.py:192: Thread started
2025-03-17 03:30:11 INFO event_listener.py:118: Komorebi connected to named pipe: yasb-46fdbb68-02f9-11f0-9db5-e89c255eead4
2025-03-17 03:30:21 INFO log.py:21: Yasb v1.6.5
2025-03-17 03:30:22 INFO weather.py:367: Fetched new weather data at 2025-03-17 03:30:22.427668
2025-03-17 03:30:22 DEBUG __init__.py:149: CoInitializeEx(None, 2)
2025-03-17 03:30:22 DEBUG win32.py:55: Looking up time zone info from registry
2025-03-17 03:30:22 INFO app_bar.py:103: Bar Created on Screen: 2270W [Bar Height: 32px, DPI Scale: 1.0, Scale Screen: True, Screen Geometry: X: 0, Y: 0, Screen Width: 1920, Screen Height: 1080]
2025-03-17 03:30:23 INFO event_listener.py:52: Created named pipe yasb-4e43f244-02f9-11f0-87f3-e89c255eead4
2025-03-17 03:30:23 INFO event_listener.py:106: Waiting for Komorebi to subscribe to named pipe yasb-4e43f244-02f9-11f0-87f3-e89c255eead4
2025-03-17 03:30:23 INFO watcher.py:39: Created file watcher for path C:\Users\Tenshi\.config\yasb
2025-03-17 03:30:23 DEBUG _windows.py:213: Starting (proactor: <_IocpProactor overlapped#=0 result#=0>)...
2025-03-17 03:30:23 DEBUG _windows.py:192: Thread started
2025-03-17 03:30:23 INFO event_listener.py:118: Komorebi connected to named pipe: yasb-4e43f244-02f9-11f0-87f3-e89c255eead4
2025-03-17 03:30:47 INFO log.py:21: Yasb v1.6.5
2025-03-17 03:30:47 INFO weather.py:367: Fetched new weather data at 2025-03-17 03:30:47.698724
2025-03-17 03:30:47 DEBUG __init__.py:149: CoInitializeEx(None, 2)
2025-03-17 03:30:47 DEBUG win32.py:55: Looking up time zone info from registry
2025-03-17 03:30:47 INFO app_bar.py:103: Bar Created on Screen: 2270W [Bar Height: 32px, DPI Scale: 1.0, Scale Screen: True, Screen Geometry: X: 0, Y: 0, Screen Width: 1920, Screen Height: 1080]
2025-03-17 03:30:48 INFO event_listener.py:52: Created named pipe yasb-5d53164d-02f9-11f0-8429-e89c255eead4
2025-03-17 03:30:48 INFO event_listener.py:106: Waiting for Komorebi to subscribe to named pipe yasb-5d53164d-02f9-11f0-8429-e89c255eead4
2025-03-17 03:30:48 INFO watcher.py:39: Created file watcher for path C:\Users\Tenshi\.config\yasb
2025-03-17 03:30:48 DEBUG _windows.py:213: Starting (proactor: <_IocpProactor overlapped#=0 result#=0>)...
2025-03-17 03:30:48 DEBUG _windows.py:192: Thread started
2025-03-17 03:30:48 INFO event_listener.py:118: Komorebi connected to named pipe: yasb-5d53164d-02f9-11f0-8429-e89c255eead4
2025-03-17 03:30:54 INFO log.py:21: Yasb v1.6.5
2025-03-17 03:30:55 INFO weather.py:367: Fetched new weather data at 2025-03-17 03:30:55.058735
2025-03-17 03:30:55 DEBUG __init__.py:149: CoInitializeEx(None, 2)
2025-03-17 03:30:55 DEBUG win32.py:55: Looking up time zone info from registry
2025-03-17 03:30:55 INFO app_bar.py:103: Bar Created on Screen: 2270W [Bar Height: 32px, DPI Scale: 1.0, Scale Screen: True, Screen Geometry: X: 0, Y: 0, Screen Width: 1920, Screen Height: 1080]
2025-03-17 03:30:55 INFO event_listener.py:52: Created named pipe yasb-61b7f7dc-02f9-11f0-a0c1-e89c255eead4
2025-03-17 03:30:55 INFO event_listener.py:106: Waiting for Komorebi to subscribe to named pipe yasb-61b7f7dc-02f9-11f0-a0c1-e89c255eead4
2025-03-17 03:30:55 INFO watcher.py:39: Created file watcher for path C:\Users\Tenshi\.config\yasb
2025-03-17 03:30:55 DEBUG _windows.py:213: Starting (proactor: <_IocpProactor overlapped#=0 result#=0>)...
2025-03-17 03:30:55 DEBUG _windows.py:192: Thread started
2025-03-17 03:30:55 INFO event_listener.py:118: Komorebi connected to named pipe: yasb-61b7f7dc-02f9-11f0-a0c1-e89c255eead4
2025-03-17 03:30:58 INFO log.py:21: Yasb v1.6.5
2025-03-17 03:30:59 INFO weather.py:367: Fetched new weather data at 2025-03-17 03:30:59.034267
2025-03-17 03:30:59 DEBUG __init__.py:149: CoInitializeEx(None, 2)
2025-03-17 03:30:59 DEBUG win32.py:55: Looking up time zone info from registry
2025-03-17 03:30:59 INFO app_bar.py:103: Bar Created on Screen: 2270W [Bar Height: 32px, DPI Scale: 1.0, Scale Screen: True, Screen Geometry: X: 0, Y: 0, Screen Width: 1920, Screen Height: 1080]
2025-03-17 03:30:59 INFO event_listener.py:52: Created named pipe yasb-641647ec-02f9-11f0-a778-e89c255eead4
2025-03-17 03:30:59 INFO event_listener.py:106: Waiting for Komorebi to subscribe to named pipe yasb-641647ec-02f9-11f0-a778-e89c255eead4
2025-03-17 03:30:59 INFO watcher.py:39: Created file watcher for path C:\Users\Tenshi\.config\yasb
2025-03-17 03:30:59 DEBUG _windows.py:213: Starting (proactor: <_IocpProactor overlapped#=0 result#=0>)...
2025-03-17 03:30:59 DEBUG _windows.py:192: Thread started
2025-03-17 03:30:59 INFO event_listener.py:118: Komorebi connected to named pipe: yasb-641647ec-02f9-11f0-a778-e89c255eead4
2025-03-17 03:31:08 INFO log.py:21: Yasb v1.6.5
2025-03-17 03:31:08 INFO weather.py:367: Fetched new weather data at 2025-03-17 03:31:08.825821
2025-03-17 03:31:08 DEBUG __init__.py:149: CoInitializeEx(None, 2)
2025-03-17 03:31:08 DEBUG win32.py:55: Looking up time zone info from registry
2025-03-17 03:31:08 INFO app_bar.py:103: Bar Created on Screen: 2270W [Bar Height: 32px, DPI Scale: 1.0, Scale Screen: True, Screen Geometry: X: 0, Y: 0, Screen Width: 1920, Screen Height: 1080]
2025-03-17 03:31:09 INFO event_listener.py:52: Created named pipe yasb-69eb96fc-02f9-11f0-b391-e89c255eead4
2025-03-17 03:31:09 INFO event_listener.py:106: Waiting for Komorebi to subscribe to named pipe yasb-69eb96fc-02f9-11f0-b391-e89c255eead4
2025-03-17 03:31:09 INFO watcher.py:39: Created file watcher for path C:\Users\Tenshi\.config\yasb
2025-03-17 03:31:09 DEBUG _windows.py:213: Starting (proactor: <_IocpProactor overlapped#=0 result#=0>)...
2025-03-17 03:31:09 DEBUG _windows.py:192: Thread started
2025-03-17 03:31:09 INFO event_listener.py:118: Komorebi connected to named pipe: yasb-69eb96fc-02f9-11f0-b391-e89c255eead4
2025-03-17 03:32:30 INFO log.py:21: Yasb v1.6.5
2025-03-17 03:32:31 INFO weather.py:367: Fetched new weather data at 2025-03-17 03:32:31.119787
2025-03-17 03:32:31 DEBUG __init__.py:149: CoInitializeEx(None, 2)
2025-03-17 03:32:31 DEBUG win32.py:55: Looking up time zone info from registry
2025-03-17 03:32:31 INFO app_bar.py:103: Bar Created on Screen: 2270W [Bar Height: 32px, DPI Scale: 1.0, Scale Screen: True, Screen Geometry: X: 0, Y: 0, Screen Width: 1920, Screen Height: 1080]
2025-03-17 03:32:31 INFO event_listener.py:52: Created named pipe yasb-9afa06e6-02f9-11f0-925b-e89c255eead4
2025-03-17 03:32:31 INFO event_listener.py:106: Waiting for Komorebi to subscribe to named pipe yasb-9afa06e6-02f9-11f0-925b-e89c255eead4
2025-03-17 03:32:31 INFO watcher.py:39: Created file watcher for path C:\Users\Tenshi\.config\yasb
2025-03-17 03:32:31 DEBUG _windows.py:213: Starting (proactor: <_IocpProactor overlapped#=0 result#=0>)...
2025-03-17 03:32:31 DEBUG _windows.py:192: Thread started
2025-03-17 03:32:31 INFO event_listener.py:118: Komorebi connected to named pipe: yasb-9afa06e6-02f9-11f0-925b-e89c255eead4
2025-03-17 03:32:42 INFO log.py:21: Yasb v1.6.5
2025-03-17 03:32:43 INFO weather.py:367: Fetched new weather data at 2025-03-17 03:32:43.332655
2025-03-17 03:32:43 DEBUG __init__.py:149: CoInitializeEx(None, 2)
2025-03-17 03:32:43 DEBUG win32.py:55: Looking up time zone info from registry
2025-03-17 03:32:43 INFO app_bar.py:103: Bar Created on Screen: 2270W [Bar Height: 32px, DPI Scale: 1.0, Scale Screen: True, Screen Geometry: X: 0, Y: 0, Screen Width: 1920, Screen Height: 1080]
2025-03-17 03:32:44 INFO event_listener.py:52: Created named pipe yasb-a240cc96-02f9-11f0-86ef-e89c255eead4
2025-03-17 03:32:44 INFO event_listener.py:106: Waiting for Komorebi to subscribe to named pipe yasb-a240cc96-02f9-11f0-86ef-e89c255eead4
2025-03-17 03:32:44 INFO watcher.py:39: Created file watcher for path C:\Users\Tenshi\.config\yasb
2025-03-17 03:32:44 DEBUG _windows.py:213: Starting (proactor: <_IocpProactor overlapped#=0 result#=0>)...
2025-03-17 03:32:44 DEBUG _windows.py:192: Thread started
2025-03-17 03:32:44 INFO event_listener.py:118: Komorebi connected to named pipe: yasb-a240cc96-02f9-11f0-86ef-e89c255eead4
2025-03-17 03:34:27 INFO log.py:21: Yasb v1.6.5
2025-03-17 03:34:27 INFO weather.py:367: Fetched new weather data at 2025-03-17 03:34:27.838966
2025-03-17 03:34:27 DEBUG __init__.py:149: CoInitializeEx(None, 2)
2025-03-17 03:34:27 DEBUG win32.py:55: Looking up time zone info from registry
2025-03-17 03:34:27 INFO app_bar.py:103: Bar Created on Screen: 2270W [Bar Height: 32px, DPI Scale: 1.0, Scale Screen: True, Screen Geometry: X: 0, Y: 0, Screen Width: 1920, Screen Height: 1080]
2025-03-17 03:34:28 INFO event_listener.py:52: Created named pipe yasb-e08d2e9d-02f9-11f0-9017-e89c255eead4
2025-03-17 03:34:28 INFO event_listener.py:106: Waiting for Komorebi to subscribe to named pipe yasb-e08d2e9d-02f9-11f0-9017-e89c255eead4
2025-03-17 03:34:28 INFO watcher.py:39: Created file watcher for path C:\Users\Tenshi\.config\yasb
2025-03-17 03:34:28 DEBUG _windows.py:213: Starting (proactor: <_IocpProactor overlapped#=0 result#=0>)...
2025-03-17 03:34:28 DEBUG _windows.py:192: Thread started
2025-03-17 03:34:28 INFO event_listener.py:118: Komorebi connected to named pipe: yasb-e08d2e9d-02f9-11f0-9017-e89c255eead4
2025-03-17 03:35:45 INFO log.py:21: Yasb v1.6.5
2025-03-17 03:35:45 INFO weather.py:367: Fetched new weather data at 2025-03-17 03:35:45.774886
2025-03-17 03:35:45 DEBUG __init__.py:149: CoInitializeEx(None, 2)
2025-03-17 03:35:45 DEBUG win32.py:55: Looking up time zone info from registry
2025-03-17 03:35:45 INFO app_bar.py:103: Bar Created on Screen: 2270W [Bar Height: 32px, DPI Scale: 1.0, Scale Screen: True, Screen Geometry: X: 0, Y: 0, Screen Width: 1920, Screen Height: 1080]
2025-03-17 03:35:46 INFO event_listener.py:52: Created named pipe yasb-0f0317aa-02fa-11f0-b1f8-e89c255eead4
2025-03-17 03:35:46 INFO event_listener.py:106: Waiting for Komorebi to subscribe to named pipe yasb-0f0317aa-02fa-11f0-b1f8-e89c255eead4
2025-03-17 03:35:46 INFO watcher.py:39: Created file watcher for path C:\Users\Tenshi\.config\yasb
2025-03-17 03:35:46 DEBUG _windows.py:213: Starting (proactor: <_IocpProactor overlapped#=0 result#=0>)...
2025-03-17 03:35:46 DEBUG _windows.py:192: Thread started
2025-03-17 03:35:46 INFO event_listener.py:118: Komorebi connected to named pipe: yasb-0f0317aa-02fa-11f0-b1f8-e89c255eead4
2025-03-17 03:36:36 INFO log.py:21: Yasb v1.6.5
2025-03-17 03:36:36 INFO weather.py:367: Fetched new weather data at 2025-03-17 03:36:36.710004
2025-03-17 03:36:36 DEBUG __init__.py:149: CoInitializeEx(None, 2)
2025-03-17 03:36:36 DEBUG win32.py:55: Looking up time zone info from registry
2025-03-17 03:36:36 INFO app_bar.py:103: Bar Created on Screen: 2270W [Bar Height: 32px, DPI Scale: 1.0, Scale Screen: True, Screen Geometry: X: 0, Y: 0, Screen Width: 1920, Screen Height: 1080]
2025-03-17 03:36:37 INFO event_listener.py:52: Created named pipe yasb-2d5d5795-02fa-11f0-a1fd-e89c255eead4
2025-03-17 03:36:37 INFO event_listener.py:106: Waiting for Komorebi to subscribe to named pipe yasb-2d5d5795-02fa-11f0-a1fd-e89c255eead4
2025-03-17 03:36:37 INFO watcher.py:39: Created file watcher for path C:\Users\Tenshi\.config\yasb
2025-03-17 03:36:37 DEBUG _windows.py:213: Starting (proactor: <_IocpProactor overlapped#=0 result#=0>)...
2025-03-17 03:36:37 DEBUG _windows.py:192: Thread started
2025-03-17 03:36:37 INFO event_listener.py:118: Komorebi connected to named pipe: yasb-2d5d5795-02fa-11f0-a1fd-e89c255eead4
2025-03-17 11:37:00 INFO log.py:21: Yasb v1.6.5
2025-03-17 11:37:00 INFO weather.py:367: Fetched new weather data at 2025-03-17 11:37:00.956115
2025-03-17 11:37:00 DEBUG __init__.py:149: CoInitializeEx(None, 2)
2025-03-17 11:37:01 DEBUG win32.py:55: Looking up time zone info from registry
2025-03-17 11:37:01 INFO app_bar.py:103: Bar Created on Screen: 2270W [Bar Height: 32px, DPI Scale: 1.0, Scale Screen: True, Screen Geometry: X: 0, Y: 0, Screen Width: 1920, Screen Height: 1080]
2025-03-17 11:37:03 INFO event_listener.py:52: Created named pipe yasb-4ab73a6e-033d-11f0-8697-e89c255eead4
2025-03-17 11:37:03 INFO event_listener.py:106: Waiting for Komorebi to subscribe to named pipe yasb-4ab73a6e-033d-11f0-8697-e89c255eead4
2025-03-17 11:37:03 INFO watcher.py:39: Created file watcher for path C:\Users\Tenshi\.config\yasb
2025-03-17 11:37:03 DEBUG _windows.py:213: Starting (proactor: <_IocpProactor overlapped#=0 result#=0>)...
2025-03-17 11:37:03 DEBUG _windows.py:192: Thread started
2025-03-17 11:37:03 INFO event_listener.py:118: Komorebi connected to named pipe: yasb-4ab73a6e-033d-11f0-8697-e89c255eead4
2025-03-17 11:47:00 INFO weather.py:367: Fetched new weather data at 2025-03-17 11:47:00.963613
2025-03-17 11:57:00 INFO weather.py:367: Fetched new weather data at 2025-03-17 11:57:00.957211
2025-03-17 12:07:00 INFO weather.py:367: Fetched new weather data at 2025-03-17 12:07:00.951632
2025-03-17 12:17:00 INFO weather.py:367: Fetched new weather data at 2025-03-17 12:17:00.961237
2025-03-17 12:27:00 INFO weather.py:367: Fetched new weather data at 2025-03-17 12:27:00.969686
2025-03-17 12:37:00 INFO weather.py:367: Fetched new weather data at 2025-03-17 12:37:00.979211
2025-03-17 12:47:00 INFO weather.py:367: Fetched new weather data at 2025-03-17 12:47:00.982605
2025-03-17 12:57:00 INFO weather.py:367: Fetched new weather data at 2025-03-17 12:57:00.993613
2025-03-17 13:04:59 INFO log.py:21: Yasb v1.6.5
2025-03-17 13:05:00 INFO weather.py:367: Fetched new weather data at 2025-03-17 13:05:00.883190
2025-03-17 13:05:00 DEBUG __init__.py:149: CoInitializeEx(None, 2)
2025-03-17 13:05:01 DEBUG win32.py:55: Looking up time zone info from registry
2025-03-17 13:05:03 INFO app_bar.py:103: Bar Created on Screen: 2270W [Bar Height: 32px, DPI Scale: 1.0, Scale Screen: True, Screen Geometry: X: 0, Y: 0, Screen Width: 1920, Screen Height: 1080]
2025-03-17 13:05:05 INFO event_listener.py:52: Created named pipe yasb-97169c2a-0349-11f0-b39b-e89c255eead4
2025-03-17 13:05:05 INFO event_listener.py:106: Waiting for Komorebi to subscribe to named pipe yasb-97169c2a-0349-11f0-b39b-e89c255eead4
2025-03-17 13:05:05 INFO watcher.py:39: Created file watcher for path C:\Users\Tenshi\.config\yasb
2025-03-17 13:05:05 DEBUG _windows.py:213: Starting (proactor: <_IocpProactor overlapped#=0 result#=0>)...
2025-03-17 13:05:05 DEBUG _windows.py:192: Thread started
2025-03-17 13:05:05 INFO event_listener.py:118: Komorebi connected to named pipe: yasb-97169c2a-0349-11f0-b39b-e89c255eead4
2025-03-17 13:15:00 INFO weather.py:367: Fetched new weather data at 2025-03-17 13:15:00.893200
2025-03-17 13:25:00 INFO weather.py:367: Fetched new weather data at 2025-03-17 13:25:00.900277
2025-03-17 13:35:00 INFO weather.py:367: Fetched new weather data at 2025-03-17 13:35:00.902330
2025-03-17 13:45:00 INFO weather.py:367: Fetched new weather data at 2025-03-17 13:45:00.902066
2025-03-17 13:55:00 INFO weather.py:367: Fetched new weather data at 2025-03-17 13:55:00.899950
2025-03-17 14:05:00 INFO weather.py:367: Fetched new weather data at 2025-03-17 14:05:00.906134
2025-03-17 14:15:00 INFO weather.py:367: Fetched new weather data at 2025-03-17 14:15:00.917049
2025-03-17 14:25:00 INFO weather.py:367: Fetched new weather data at 2025-03-17 14:25:00.908355
2025-03-17 14:35:00 INFO weather.py:367: Fetched new weather data at 2025-03-17 14:35:00.907270
2025-03-17 14:45:00 INFO weather.py:367: Fetched new weather data at 2025-03-17 14:45:00.918954
2025-03-17 14:55:00 INFO weather.py:367: Fetched new weather data at 2025-03-17 14:55:00.946514
2025-03-17 15:05:00 INFO weather.py:367: Fetched new weather data at 2025-03-17 15:05:00.952689
2025-03-17 15:15:00 INFO weather.py:367: Fetched new weather data at 2025-03-17 15:15:00.951358
2025-03-17 15:25:00 INFO weather.py:367: Fetched new weather data at 2025-03-17 15:25:00.965113
2025-03-17 15:35:00 INFO weather.py:367: Fetched new weather data at 2025-03-17 15:35:00.955336
2025-03-17 15:45:00 INFO weather.py:367: Fetched new weather data at 2025-03-17 15:45:00.956111
2025-03-17 15:55:00 INFO weather.py:367: Fetched new weather data at 2025-03-17 15:55:00.970461
2025-03-17 16:05:00 INFO weather.py:367: Fetched new weather data at 2025-03-17 16:05:00.987031
2025-03-17 16:15:00 INFO weather.py:367: Fetched new weather data at 2025-03-17 16:15:00.996358
2025-03-17 16:25:01 INFO weather.py:367: Fetched new weather data at 2025-03-17 16:25:01.005673
2025-03-17 16:35:01 INFO weather.py:367: Fetched new weather data at 2025-03-17 16:35:01.002971
2025-03-17 16:45:01 INFO weather.py:367: Fetched new weather data at 2025-03-17 16:45:01.016471
2025-03-17 16:55:01 INFO weather.py:367: Fetched new weather data at 2025-03-17 16:55:01.029809
2025-03-17 17:05:01 INFO weather.py:367: Fetched new weather data at 2025-03-17 17:05:01.036617
2025-03-17 17:06:08 DEBUG _windows.py:218: Stopping worker thread...
2025-03-17 17:06:08 DEBUG _windows.py:201: Exiting thread
2025-03-17 17:06:08 DEBUG _windows.py:75: Closing
2025-03-17 19:42:56 INFO log.py:21: Yasb v1.6.5
2025-03-17 19:42:57 INFO weather.py:367: Fetched new weather data at 2025-03-17 19:42:57.974473
2025-03-17 19:42:58 DEBUG __init__.py:149: CoInitializeEx(None, 2)
2025-03-17 19:42:58 DEBUG win32.py:55: Looking up time zone info from registry
2025-03-17 19:43:00 INFO app_bar.py:103: Bar Created on Screen: 2270W [Bar Height: 32px, DPI Scale: 1.0, Scale Screen: True, Screen Geometry: X: 0, Y: 0, Screen Width: 1920, Screen Height: 1080]
2025-03-17 19:43:01 INFO event_listener.py:52: Created named pipe yasb-2eccbf5b-0381-11f0-8a18-e89c255eead4
2025-03-17 19:43:01 INFO event_listener.py:106: Waiting for Komorebi to subscribe to named pipe yasb-2eccbf5b-0381-11f0-8a18-e89c255eead4
2025-03-17 19:43:02 INFO watcher.py:39: Created file watcher for path C:\Users\Tenshi\.config\yasb
2025-03-17 19:43:02 DEBUG _windows.py:213: Starting (proactor: <_IocpProactor overlapped#=0 result#=0>)...
2025-03-17 19:43:02 DEBUG _windows.py:192: Thread started
2025-03-17 19:43:02 INFO event_listener.py:118: Komorebi connected to named pipe: yasb-2eccbf5b-0381-11f0-8a18-e89c255eead4
2025-03-17 19:52:57 INFO weather.py:367: Fetched new weather data at 2025-03-17 19:52:57.967768
2025-03-17 20:02:57 INFO weather.py:367: Fetched new weather data at 2025-03-17 20:02:57.966165
2025-03-17 20:12:57 INFO weather.py:367: Fetched new weather data at 2025-03-17 20:12:57.965870
2025-03-17 20:22:57 INFO weather.py:367: Fetched new weather data at 2025-03-17 20:22:57.971734
2025-03-17 20:32:57 INFO weather.py:367: Fetched new weather data at 2025-03-17 20:32:57.994648
2025-03-17 20:42:57 INFO weather.py:367: Fetched new weather data at 2025-03-17 20:42:57.982295
2025-03-17 20:52:57 INFO weather.py:367: Fetched new weather data at 2025-03-17 20:52:57.990749
2025-03-17 21:02:57 INFO weather.py:367: Fetched new weather data at 2025-03-17 21:02:57.994235
2025-03-17 21:12:57 INFO weather.py:367: Fetched new weather data at 2025-03-17 21:12:57.997904
2025-03-17 21:22:58 INFO weather.py:367: Fetched new weather data at 2025-03-17 21:22:58.015160
2025-03-17 21:32:58 INFO weather.py:367: Fetched new weather data at 2025-03-17 21:32:58.041255
2025-03-17 21:42:58 INFO weather.py:367: Fetched new weather data at 2025-03-17 21:42:58.029742
2025-03-17 21:46:51 ERROR bar_manager.py:53: Error loading config: document is missing
2025-03-17 21:46:51 INFO log.py:21: Yasb v1.6.5
2025-03-17 21:46:51 INFO weather.py:367: Fetched new weather data at 2025-03-17 21:46:51.826902
2025-03-17 21:46:51 DEBUG __init__.py:149: CoInitializeEx(None, 2)
2025-03-17 21:46:51 DEBUG win32.py:55: Looking up time zone info from registry
2025-03-17 21:46:51 INFO app_bar.py:103: Bar Created on Screen: 2270W [Bar Height: 32px, DPI Scale: 1.0, Scale Screen: True, Screen Geometry: X: 0, Y: 0, Screen Width: 1920, Screen Height: 1080]
2025-03-17 21:46:52 INFO event_listener.py:52: Created named pipe yasb-7bd557b4-0392-11f0-88d7-e89c255eead4
2025-03-17 21:46:52 INFO event_listener.py:106: Waiting for Komorebi to subscribe to named pipe yasb-7bd557b4-0392-11f0-88d7-e89c255eead4
2025-03-17 21:46:52 INFO watcher.py:39: Created file watcher for path C:\Users\Tenshi\.config\yasb
2025-03-17 21:46:52 DEBUG _windows.py:213: Starting (proactor: <_IocpProactor overlapped#=0 result#=0>)...
2025-03-17 21:46:52 DEBUG _windows.py:192: Thread started
2025-03-17 21:46:52 INFO event_listener.py:118: Komorebi connected to named pipe: yasb-7bd557b4-0392-11f0-88d7-e89c255eead4
2025-03-17 21:56:51 INFO weather.py:367: Fetched new weather data at 2025-03-17 21:56:51.831359
2025-03-17 22:06:51 INFO weather.py:367: Fetched new weather data at 2025-03-17 22:06:51.845310
2025-03-17 22:16:51 INFO weather.py:367: Fetched new weather data at 2025-03-17 22:16:51.856173
2025-03-17 22:26:51 INFO weather.py:367: Fetched new weather data at 2025-03-17 22:26:51.860912
2025-03-17 22:36:51 INFO weather.py:367: Fetched new weather data at 2025-03-17 22:36:51.860421
2025-03-17 22:46:51 INFO weather.py:367: Fetched new weather data at 2025-03-17 22:46:51.867691
2025-03-17 22:56:51 INFO weather.py:367: Fetched new weather data at 2025-03-17 22:56:51.882572
2025-03-18 01:20:01 INFO weather.py:367: Fetched new weather data at 2025-03-18 01:20:01.516715
2025-03-18 01:20:02 ERROR weather.py:463: Error fetching weather data: <urlopen error [Errno 11001] getaddrinfo failed>
2025-03-18 01:30:01 INFO weather.py:367: Fetched new weather data at 2025-03-18 01:30:01.527411
2025-03-18 01:40:01 INFO weather.py:367: Fetched new weather data at 2025-03-18 01:40:01.538449
2025-03-18 01:50:01 INFO weather.py:367: Fetched new weather data at 2025-03-18 01:50:01.539855
2025-03-18 02:00:01 INFO weather.py:367: Fetched new weather data at 2025-03-18 02:00:01.536057
2025-03-18 02:10:01 INFO weather.py:367: Fetched new weather data at 2025-03-18 02:10:01.532475
2025-03-18 02:20:01 INFO weather.py:367: Fetched new weather data at 2025-03-18 02:20:01.533110
2025-03-18 02:28:38 WARNING event_listener.py:83: Pipe has been ended: (109, 'PeekNamedPipe', 'O pipe foi finalizado.')
2025-03-18 02:28:38 INFO event_listener.py:93: Attempting to reconnect...
2025-03-18 02:28:43 INFO event_listener.py:52: Created named pipe yasb-7bd557b4-0392-11f0-88d7-e89c255eead4
2025-03-18 02:28:43 INFO event_listener.py:106: Waiting for Komorebi to subscribe to named pipe yasb-7bd557b4-0392-11f0-88d7-e89c255eead4
2025-03-18 02:28:43 WARNING event_listener.py:111: Komorebi failed to subscribe named pipe. Waiting for subscription...
2025-03-18 02:30:01 INFO weather.py:367: Fetched new weather data at 2025-03-18 02:30:01.530033
2025-03-18 02:35:45 INFO event_listener.py:118: Komorebi connected to named pipe: yasb-7bd557b4-0392-11f0-88d7-e89c255eead4
2025-03-18 02:40:01 INFO weather.py:367: Fetched new weather data at 2025-03-18 02:40:01.536695
2025-03-18 02:50:01 INFO weather.py:367: Fetched new weather data at 2025-03-18 02:50:01.533929
2025-03-18 02:52:02 INFO log.py:21: Yasb v1.6.5
2025-03-18 02:52:03 INFO weather.py:367: Fetched new weather data at 2025-03-18 02:52:03.598046
2025-03-18 02:52:03 DEBUG __init__.py:149: CoInitializeEx(None, 2)
2025-03-18 02:52:03 DEBUG win32.py:55: Looking up time zone info from registry
2025-03-18 02:52:03 INFO app_bar.py:103: Bar Created on Screen: 2270W [Bar Height: 32px, DPI Scale: 1.0, Scale Screen: True, Screen Geometry: X: 0, Y: 0, Screen Width: 1920, Screen Height: 1080]
2025-03-18 02:52:06 INFO event_listener.py:52: Created named pipe yasb-1f7c5faf-03bd-11f0-a2bf-e89c255eead4
2025-03-18 02:52:06 INFO event_listener.py:106: Waiting for Komorebi to subscribe to named pipe yasb-1f7c5faf-03bd-11f0-a2bf-e89c255eead4
2025-03-18 02:52:06 INFO watcher.py:39: Created file watcher for path C:\Users\Tenshi\.config\yasb
2025-03-18 02:52:06 DEBUG _windows.py:213: Starting (proactor: <_IocpProactor overlapped#=0 result#=0>)...
2025-03-18 02:52:06 DEBUG _windows.py:192: Thread started
2025-03-18 02:52:06 WARNING event_listener.py:111: Komorebi failed to subscribe named pipe. Waiting for subscription...
2025-03-18 02:55:37 INFO event_listener.py:118: Komorebi connected to named pipe: yasb-1f7c5faf-03bd-11f0-a2bf-e89c255eead4
2025-03-18 03:02:03 INFO weather.py:367: Fetched new weather data at 2025-03-18 03:02:03.600001
2025-03-18 03:10:07 INFO bar_manager.py:46: Successfully loaded updated stylesheet and applied to all bars.
2025-03-18 03:10:54 INFO bar_manager.py:46: Successfully loaded updated stylesheet and applied to all bars.
2025-03-18 03:12:03 INFO weather.py:367: Fetched new weather data at 2025-03-18 03:12:03.602761
2025-03-18 03:12:47 INFO bar_manager.py:46: Successfully loaded updated stylesheet and applied to all bars.
2025-03-18 03:14:21 INFO bar_manager.py:46: Successfully loaded updated stylesheet and applied to all bars.
2025-03-18 03:14:35 INFO bar_manager.py:46: Successfully loaded updated stylesheet and applied to all bars.
2025-03-18 03:16:40 INFO bar_manager.py:46: Successfully loaded updated stylesheet and applied to all bars.
2025-03-18 03:16:49 INFO bar_manager.py:46: Successfully loaded updated stylesheet and applied to all bars.
2025-03-18 03:19:59 INFO bar_manager.py:46: Successfully loaded updated stylesheet and applied to all bars.
2025-03-18 03:20:17 INFO bar_manager.py:46: Successfully loaded updated stylesheet and applied to all bars.
2025-03-18 03:20:37 INFO bar_manager.py:46: Successfully loaded updated stylesheet and applied to all bars.
2025-03-18 03:21:06 INFO bar_manager.py:46: Successfully loaded updated stylesheet and applied to all bars.
2025-03-18 03:21:24 INFO bar_manager.py:46: Successfully loaded updated stylesheet and applied to all bars.
2025-03-18 03:22:03 INFO weather.py:367: Fetched new weather data at 2025-03-18 03:22:03.595323
2025-03-18 03:23:08 INFO bar_manager.py:46: Successfully loaded updated stylesheet and applied to all bars.
2025-03-18 03:23:26 INFO bar_manager.py:46: Successfully loaded updated stylesheet and applied to all bars.
2025-03-18 03:24:58 INFO bar_manager.py:46: Successfully loaded updated stylesheet and applied to all bars.
2025-03-18 03:25:26 INFO bar_manager.py:46: Successfully loaded updated stylesheet and applied to all bars.
2025-03-18 03:25:44 INFO bar_manager.py:46: Successfully loaded updated stylesheet and applied to all bars.
2025-03-18 03:26:33 INFO bar_manager.py:46: Successfully loaded updated stylesheet and applied to all bars.
2025-03-18 03:28:27 INFO bar_manager.py:46: Successfully loaded updated stylesheet and applied to all bars.
2025-03-18 03:29:46 INFO bar_manager.py:46: Successfully loaded updated stylesheet and applied to all bars.
2025-03-18 03:30:05 INFO bar_manager.py:46: Successfully loaded updated stylesheet and applied to all bars.
2025-03-18 03:31:43 INFO log.py:21: Yasb v1.6.5
2025-03-18 03:31:44 INFO weather.py:367: Fetched new weather data at 2025-03-18 03:31:44.406212
2025-03-18 03:31:44 DEBUG __init__.py:149: CoInitializeEx(None, 2)
2025-03-18 03:31:44 DEBUG win32.py:55: Looking up time zone info from registry
2025-03-18 03:31:44 INFO app_bar.py:103: Bar Created on Screen: 2270W [Bar Height: 32px, DPI Scale: 1.0, Scale Screen: True, Screen Geometry: X: 0, Y: 0, Screen Width: 1920, Screen Height: 1080]
2025-03-18 03:31:45 INFO event_listener.py:52: Created named pipe yasb-a98436ed-03c2-11f0-a7e8-e89c255eead4
2025-03-18 03:31:45 INFO event_listener.py:106: Waiting for Komorebi to subscribe to named pipe yasb-a98436ed-03c2-11f0-a7e8-e89c255eead4
2025-03-18 03:31:45 INFO watcher.py:39: Created file watcher for path C:\Users\Tenshi\.config\yasb
2025-03-18 03:31:45 DEBUG _windows.py:213: Starting (proactor: <_IocpProactor overlapped#=0 result#=0>)...
2025-03-18 03:31:45 DEBUG _windows.py:192: Thread started
2025-03-18 03:31:45 INFO event_listener.py:118: Komorebi connected to named pipe: yasb-a98436ed-03c2-11f0-a7e8-e89c255eead4
2025-03-18 03:32:03 INFO log.py:21: Yasb v1.6.5
2025-03-18 03:32:03 INFO weather.py:367: Fetched new weather data at 2025-03-18 03:32:03.692740
2025-03-18 03:32:03 DEBUG __init__.py:149: CoInitializeEx(None, 2)
2025-03-18 03:32:03 DEBUG win32.py:55: Looking up time zone info from registry
2025-03-18 03:32:03 INFO app_bar.py:103: Bar Created on Screen: 2270W [Bar Height: 32px, DPI Scale: 1.0, Scale Screen: True, Screen Geometry: X: 0, Y: 0, Screen Width: 1920, Screen Height: 1080]
2025-03-18 03:32:04 INFO event_listener.py:52: Created named pipe yasb-b502a5a5-03c2-11f0-a407-e89c255eead4
2025-03-18 03:32:04 INFO event_listener.py:106: Waiting for Komorebi to subscribe to named pipe yasb-b502a5a5-03c2-11f0-a407-e89c255eead4
2025-03-18 03:32:04 INFO watcher.py:39: Created file watcher for path C:\Users\Tenshi\.config\yasb
2025-03-18 03:32:04 DEBUG _windows.py:213: Starting (proactor: <_IocpProactor overlapped#=0 result#=0>)...
2025-03-18 03:32:04 DEBUG _windows.py:192: Thread started
2025-03-18 03:32:04 INFO event_listener.py:118: Komorebi connected to named pipe: yasb-b502a5a5-03c2-11f0-a407-e89c255eead4
2025-03-18 03:32:32 INFO log.py:21: Yasb v1.6.5
2025-03-18 03:32:33 INFO weather.py:367: Fetched new weather data at 2025-03-18 03:32:33.261900
2025-03-18 03:32:33 DEBUG __init__.py:149: CoInitializeEx(None, 2)
2025-03-18 03:32:33 DEBUG win32.py:55: Looking up time zone info from registry
2025-03-18 03:32:33 INFO app_bar.py:103: Bar Created on Screen: 2270W [Bar Height: 32px, DPI Scale: 1.0, Scale Screen: True, Screen Geometry: X: 0, Y: 0, Screen Width: 1920, Screen Height: 1080]
2025-03-18 03:32:34 INFO event_listener.py:52: Created named pipe yasb-c6a9dfa3-03c2-11f0-ae53-e89c255eead4
2025-03-18 03:32:34 INFO event_listener.py:106: Waiting for Komorebi to subscribe to named pipe yasb-c6a9dfa3-03c2-11f0-ae53-e89c255eead4
2025-03-18 03:32:34 INFO watcher.py:39: Created file watcher for path C:\Users\Tenshi\.config\yasb
2025-03-18 03:32:34 DEBUG _windows.py:213: Starting (proactor: <_IocpProactor overlapped#=0 result#=0>)...
2025-03-18 03:32:34 DEBUG _windows.py:192: Thread started
2025-03-18 03:32:34 INFO event_listener.py:118: Komorebi connected to named pipe: yasb-c6a9dfa3-03c2-11f0-ae53-e89c255eead4
2025-03-18 03:33:13 INFO bar_manager.py:46: Successfully loaded updated stylesheet and applied to all bars.
2025-03-18 03:33:43 INFO bar_manager.py:46: Successfully loaded updated stylesheet and applied to all bars.
2025-03-18 03:34:18 INFO bar_manager.py:46: Successfully loaded updated stylesheet and applied to all bars.
2025-03-18 03:34:59 INFO bar_manager.py:46: Successfully loaded updated stylesheet and applied to all bars.
2025-03-18 03:35:44 INFO bar_manager.py:46: Successfully loaded updated stylesheet and applied to all bars.
2025-03-18 03:35:59 INFO bar_manager.py:46: Successfully loaded updated stylesheet and applied to all bars.
2025-03-18 03:36:16 INFO bar_manager.py:46: Successfully loaded updated stylesheet and applied to all bars.
2025-03-18 03:36:39 INFO bar_manager.py:46: Successfully loaded updated stylesheet and applied to all bars.
2025-03-18 03:37:08 INFO bar_manager.py:46: Successfully loaded updated stylesheet and applied to all bars.
2025-03-18 03:37:26 INFO bar_manager.py:46: Successfully loaded updated stylesheet and applied to all bars.
2025-03-18 03:38:35 INFO bar_manager.py:46: Successfully loaded updated stylesheet and applied to all bars.
2025-03-18 03:38:59 INFO bar_manager.py:46: Successfully loaded updated stylesheet and applied to all bars.
2025-03-18 03:39:20 INFO bar_manager.py:46: Successfully loaded updated stylesheet and applied to all bars.
2025-03-18 03:40:31 INFO bar_manager.py:46: Successfully loaded updated stylesheet and applied to all bars.
2025-03-18 03:42:33 INFO weather.py:367: Fetched new weather data at 2025-03-18 03:42:33.273629
2025-03-18 03:45:28 DEBUG _windows.py:218: Stopping worker thread...
2025-03-18 03:45:28 DEBUG _windows.py:201: Exiting thread
2025-03-18 03:45:28 DEBUG _windows.py:75: Closing
2025-03-18 03:45:28 ERROR event_service.py:30: Failed to emit signal <bound PYQT_SIGNAL window_name_change of ActiveWindowWidget object at 0x000002EB00FE3890>. Removing link to WinEvent.EventObjectNameChange.
2025-03-18 14:48:59 INFO log.py:21: Yasb v1.6.5
2025-03-18 14:48:59 INFO weather.py:367: Fetched new weather data at 2025-03-18 14:48:59.755672
2025-03-18 14:48:59 DEBUG __init__.py:149: CoInitializeEx(None, 2)
2025-03-18 14:48:59 DEBUG win32.py:55: Looking up time zone info from registry
2025-03-18 14:49:00 INFO app_bar.py:103: Bar Created on Screen: 2270W [Bar Height: 32px, DPI Scale: 1.0, Scale Screen: True, Screen Geometry: X: 0, Y: 0, Screen Width: 1920, Screen Height: 1080]
2025-03-18 14:49:02 INFO event_listener.py:52: Created named pipe yasb-470a6547-0421-11f0-a209-e89c255eead4
2025-03-18 14:49:02 INFO event_listener.py:106: Waiting for Komorebi to subscribe to named pipe yasb-470a6547-0421-11f0-a209-e89c255eead4
2025-03-18 14:49:02 INFO watcher.py:39: Created file watcher for path C:\Users\Tenshi\.config\yasb
2025-03-18 14:49:02 DEBUG _windows.py:213: Starting (proactor: <_IocpProactor overlapped#=0 result#=0>)...
2025-03-18 14:49:02 DEBUG _windows.py:192: Thread started
2025-03-18 14:49:02 INFO event_listener.py:118: Komorebi connected to named pipe: yasb-470a6547-0421-11f0-a209-e89c255eead4
